<?xml version="1.0" encoding="UTF-8"?>
<testsuite xmlns:xsi="http://www.w3.org/2001/XMLSchema-instance" xsi:noNamespaceSchemaLocation="https://maven.apache.org/surefire/maven-surefire-plugin/xsd/surefire-test-report-3.0.xsd" version="3.0" name="pl.cp.sudoku.SudokuTest" time="0.28" tests="8" errors="0" skipped="0" failures="0">
  <properties>
    <property name="java.specification.version" value="17"/>
    <property name="sun.jnu.encoding" value="UTF-8"/>
    <property name="java.class.path" value="/home/specklew/Dokumenty/2021_22_lato/Component Progrmamming/Project/mkw_mon_1000_02/Model/target/test-classes:/home/specklew/Dokumenty/2021_22_lato/Component Progrmamming/Project/mkw_mon_1000_02/Model/target/classes:/home/specklew/.m2/repository/org/junit/jupiter/junit-jupiter-engine/5.8.2/junit-jupiter-engine-5.8.2.jar:/home/specklew/.m2/repository/org/junit/platform/junit-platform-engine/1.8.2/junit-platform-engine-1.8.2.jar:/home/specklew/.m2/repository/org/opentest4j/opentest4j/1.2.0/opentest4j-1.2.0.jar:/home/specklew/.m2/repository/org/junit/platform/junit-platform-commons/1.8.2/junit-platform-commons-1.8.2.jar:/home/specklew/.m2/repository/org/junit/jupiter/junit-jupiter-api/5.8.2/junit-jupiter-api-5.8.2.jar:/home/specklew/.m2/repository/org/apiguardian/apiguardian-api/1.1.2/apiguardian-api-1.1.2.jar:/home/specklew/.m2/repository/org/apache/commons/commons-lang3/3.12.0/commons-lang3-3.12.0.jar:/home/specklew/.m2/repository/org/openjfx/javafx-controls/18/javafx-controls-18.jar:/home/specklew/.m2/repository/org/openjfx/javafx-controls/18/javafx-controls-18-linux.jar:/home/specklew/.m2/repository/org/openjfx/javafx-graphics/18/javafx-graphics-18.jar:/home/specklew/.m2/repository/org/openjfx/javafx-graphics/18/javafx-graphics-18-linux.jar:/home/specklew/.m2/repository/org/openjfx/javafx-base/18/javafx-base-18.jar:/home/specklew/.m2/repository/org/openjfx/javafx-base/18/javafx-base-18-linux.jar:/home/specklew/.m2/repository/org/openjfx/javafx-fxml/18/javafx-fxml-18.jar:/home/specklew/.m2/repository/org/openjfx/javafx-fxml/18/javafx-fxml-18-linux.jar:"/>
    <property name="java.vm.vendor" value="Oracle Corporation"/>
    <property name="sun.arch.data.model" value="64"/>
    <property name="java.vendor.url" value="https://openjdk.java.net/"/>
    <property name="os.name" value="Linux"/>
    <property name="java.vm.specification.version" value="17"/>
    <property name="sun.java.launcher" value="SUN_STANDARD"/>
    <property name="user.country" value="US"/>
    <property name="sun.boot.library.path" value="/usr/lib/jvm/java-17-openjdk/lib"/>
    <property name="sun.java.command" value="/home/specklew/Dokumenty/2021_22_lato/Component Progrmamming/Project/mkw_mon_1000_02/Model/target/surefire/surefirebooter6077140533219363905.jar /home/specklew/Dokumenty/2021_22_lato/Component Progrmamming/Project/mkw_mon_1000_02/Model/target/surefire 2022-04-23T19-23-02_761-jvmRun1 surefire5566427149809793735tmp surefire_015755092689684021302tmp"/>
    <property name="jdk.debug" value="release"/>
    <property name="surefire.test.class.path" value="/home/specklew/Dokumenty/2021_22_lato/Component Progrmamming/Project/mkw_mon_1000_02/Model/target/test-classes:/home/specklew/Dokumenty/2021_22_lato/Component Progrmamming/Project/mkw_mon_1000_02/Model/target/classes:/home/specklew/.m2/repository/org/junit/jupiter/junit-jupiter-engine/5.8.2/junit-jupiter-engine-5.8.2.jar:/home/specklew/.m2/repository/org/junit/platform/junit-platform-engine/1.8.2/junit-platform-engine-1.8.2.jar:/home/specklew/.m2/repository/org/opentest4j/opentest4j/1.2.0/opentest4j-1.2.0.jar:/home/specklew/.m2/repository/org/junit/platform/junit-platform-commons/1.8.2/junit-platform-commons-1.8.2.jar:/home/specklew/.m2/repository/org/junit/jupiter/junit-jupiter-api/5.8.2/junit-jupiter-api-5.8.2.jar:/home/specklew/.m2/repository/org/apiguardian/apiguardian-api/1.1.2/apiguardian-api-1.1.2.jar:/home/specklew/.m2/repository/org/apache/commons/commons-lang3/3.12.0/commons-lang3-3.12.0.jar:/home/specklew/.m2/repository/org/openjfx/javafx-controls/18/javafx-controls-18.jar:/home/specklew/.m2/repository/org/openjfx/javafx-controls/18/javafx-controls-18-linux.jar:/home/specklew/.m2/repository/org/openjfx/javafx-graphics/18/javafx-graphics-18.jar:/home/specklew/.m2/repository/org/openjfx/javafx-graphics/18/javafx-graphics-18-linux.jar:/home/specklew/.m2/repository/org/openjfx/javafx-base/18/javafx-base-18.jar:/home/specklew/.m2/repository/org/openjfx/javafx-base/18/javafx-base-18-linux.jar:/home/specklew/.m2/repository/org/openjfx/javafx-fxml/18/javafx-fxml-18.jar:/home/specklew/.m2/repository/org/openjfx/javafx-fxml/18/javafx-fxml-18-linux.jar:"/>
    <property name="sun.cpu.endian" value="little"/>
    <property name="user.home" value="/home/specklew"/>
    <property name="user.language" value="en"/>
    <property name="java.specification.vendor" value="Oracle Corporation"/>
    <property name="java.version.date" value="2022-04-19"/>
    <property name="java.home" value="/usr/lib/jvm/java-17-openjdk"/>
    <property name="file.separator" value="/"/>
    <property name="basedir" value="/home/specklew/Dokumenty/2021_22_lato/Component Progrmamming/Project/mkw_mon_1000_02/Model"/>
    <property name="java.vm.compressedOopsMode" value="Zero based"/>
    <property name="line.separator" value="&#10;"/>
    <property name="java.vm.specification.vendor" value="Oracle Corporation"/>
    <property name="java.specification.name" value="Java Platform API Specification"/>
    <property name="surefire.real.class.path" value="/home/specklew/Dokumenty/2021_22_lato/Component Progrmamming/Project/mkw_mon_1000_02/Model/target/surefire/surefirebooter6077140533219363905.jar"/>
    <property name="sun.management.compiler" value="HotSpot 64-Bit Tiered Compilers"/>
    <property name="java.runtime.version" value="17.0.3+3"/>
    <property name="user.name" value="specklew"/>
    <property name="path.separator" value=":"/>
    <property name="os.version" value="5.15.28-1-MANJARO"/>
    <property name="java.runtime.name" value="OpenJDK Runtime Environment"/>
    <property name="file.encoding" value="UTF-8"/>
    <property name="java.vm.name" value="OpenJDK 64-Bit Server VM"/>
    <property name="localRepository" value="/home/specklew/.m2/repository"/>
    <property name="java.vendor.url.bug" value="https://bugreport.java.com/bugreport/"/>
    <property name="java.io.tmpdir" value="/tmp"/>
    <property name="java.version" value="17.0.3"/>
    <property name="user.dir" value="/home/specklew/Dokumenty/2021_22_lato/Component Progrmamming/Project/mkw_mon_1000_02/Model"/>
    <property name="os.arch" value="amd64"/>
    <property name="java.vm.specification.name" value="Java Virtual Machine Specification"/>
    <property name="native.encoding" value="UTF-8"/>
    <property name="java.library.path" value="/usr/java/packages/lib:/usr/lib64:/lib64:/lib:/usr/lib"/>
    <property name="java.vm.info" value="mixed mode"/>
    <property name="java.vendor" value="N/A"/>
    <property name="java.vm.version" value="17.0.3+3"/>
    <property name="sun.io.unicode.encoding" value="UnicodeLittle"/>
    <property name="java.class.version" value="61.0"/>
  </properties>
  <testcase name="testSudokuBoardCorrectness" classname="pl.cp.sudoku.SudokuTest" time="0.106">
    <system-out><![CDATA[Board correct!
Board correct!
Board correct!
Board correct!
Board correct!
Board correct!
Board correct!
Board correct!
Board correct!
Board correct!
Board correct!
Board correct!
Board correct!
Board correct!
Board correct!
Board correct!
Board correct!
Board correct!
Board correct!
Board correct!
Board correct!
Board correct!
Board correct!
Board correct!
Board correct!
Board correct!
Board correct!
Board correct!
Board correct!
Board correct!
Board correct!
Board correct!
Board correct!
Board correct!
Board correct!
Board correct!
Board correct!
Board correct!
Board correct!
Board correct!
Board correct!
Board correct!
Board correct!
Board correct!
Board correct!
Board correct!
Board correct!
Board correct!
Board correct!
Board correct!
Board correct!
Board correct!
Board correct!
Board correct!
Board correct!
Board correct!
Board correct!
Board correct!
Board correct!
Board correct!
Board correct!
Board correct!
Board correct!
Board correct!
Board correct!
Board correct!
Board correct!
Board correct!
Board correct!
Board correct!
Board correct!
Board correct!
Board correct!
Board correct!
Board correct!
Board correct!
Board correct!
Board correct!
Board correct!
Board correct!
Board correct!
Board correct!
Board correct!
Board correct!
Board correct!
Board correct!
Board correct!
Board correct!
Board correct!
Board correct!
Board correct!
Board correct!
Board correct!
Board correct!
Board correct!
Board correct!
Board correct!
Board correct!
Board correct!
Board correct!
Board correct!
Board correct!
Board correct!
Board correct!
Board correct!
Board correct!
Board correct!
Board correct!
Board correct!
Board correct!
Board correct!
Board correct!
Board correct!
Board correct!
Board correct!
Board correct!
Board correct!
Board correct!
Board correct!
Board correct!
Board correct!
Board correct!
Board correct!
Board correct!
Board correct!
Board correct!
Board correct!
Board correct!
Board correct!
Board correct!
Board correct!
Board correct!
Board correct!
Board correct!
Board correct!
Board correct!
Board correct!
Board correct!
Board correct!
Board correct!
Board correct!
Board correct!
Board correct!
Board correct!
Board correct!
Board correct!
Board correct!
Board correct!
Board correct!
Board correct!
Board correct!
Board correct!
Board correct!
Board correct!
Board correct!
Board correct!
Board correct!
Board correct!
Board correct!
Board correct!
Board correct!
Board correct!
Board correct!
Board correct!
Board correct!
Board correct!
Board correct!
Board correct!
Board correct!
Board correct!
Board correct!
Board correct!
Board correct!
Board correct!
Board correct!
Board correct!
Board correct!
Board correct!
Board correct!
Board correct!
Board correct!
Board correct!
Board correct!
Board correct!
Board correct!
Board correct!
Board correct!
Board correct!
Board correct!
Board correct!
Board correct!
Board correct!
Board correct!
Board correct!
Board correct!
Board correct!
Board correct!
Board correct!
Board correct!
Board correct!
Board correct!
Board correct!
Board correct!
Board correct!
Board correct!
Board correct!
Board correct!
Board correct!
Board correct!
Board correct!
Board correct!
Board correct!
Board correct!
Board correct!
Board correct!
Board correct!
Board correct!
Board correct!
Board correct!
Board correct!
Board correct!
Board correct!
Board correct!
Board correct!
Board correct!
Board correct!
Board correct!
Board correct!
Board correct!
Board correct!
Board correct!
Board correct!
Board correct!
Board correct!
Board correct!
Board correct!
Board correct!
Board correct!
Board correct!
Board correct!
Board correct!
Board correct!
Board correct!
Board correct!
Board correct!
Board correct!
Board correct!
Board correct!
Board correct!
Board correct!
Board correct!
Board correct!
Board correct!
Board correct!
Board correct!
Board correct!
Board correct!
Board correct!
Board correct!
Board correct!
Board correct!
Board correct!
Board correct!
Board correct!
Board correct!
Board correct!
Board correct!
Board correct!
Board correct!
Board correct!
Board correct!
Board correct!
Board correct!
Board correct!
Board correct!
Board correct!
Board correct!
Board correct!
Board correct!
Board correct!
Board correct!
Board correct!
Board correct!
Board correct!
Board correct!
Board correct!
Board correct!
Board correct!
Board correct!
Board correct!
Board correct!
Board correct!
Board correct!
Board correct!
Board correct!
Board correct!
Board correct!
Board correct!
Board correct!
Board correct!
Board correct!
Board correct!
Board correct!
Board correct!
Board correct!
Board correct!
Board correct!
Board correct!
Board correct!
Board correct!
Board correct!
Board correct!
Board correct!
Board correct!
Board correct!
Board correct!
Board correct!
Board correct!
Board correct!
Board correct!
Board correct!
Board correct!
Board correct!
Board correct!
Board correct!
Board correct!
Board correct!
Board correct!
Board correct!
Board correct!
Board correct!
Board correct!
Board correct!
Board correct!
Board correct!
Board correct!
Board correct!
Board correct!
Board correct!
Board correct!
Board correct!
Board correct!
Board correct!
Board correct!
Board correct!
Board correct!
Board correct!
Board correct!
Board correct!
Board correct!
Board correct!
Board correct!
Board correct!
Board correct!
Board correct!
Board correct!
Board correct!
Board correct!
Board correct!
Board correct!
Board correct!
Board correct!
Board correct!
Board correct!
Board correct!
Board correct!
Board correct!
Board correct!
Board correct!
Board correct!
Board correct!
Board correct!
Board correct!
Board correct!
Board correct!
Board correct!
Board correct!
Board correct!
Board correct!
Board correct!
Board correct!
Board correct!
Board correct!
Board correct!
Board correct!
Board correct!
Board correct!
Board correct!
Board correct!
Board correct!
Board correct!
Board correct!
Board correct!
Board correct!
Board correct!
Board correct!
Board correct!
Board correct!
Board correct!
Board correct!
Board correct!
Board correct!
Board correct!
Board correct!
Board correct!
Board correct!
Board correct!
Board correct!
Board correct!
Board correct!
Board correct!
Board correct!
Board correct!
Board correct!
Board correct!
Board correct!
Board correct!
Board correct!
Board correct!
Board correct!
Board correct!
Board correct!
Board correct!
Board correct!
Board correct!
Board correct!
Board correct!
Board correct!
]]></system-out>
  </testcase>
  <testcase name="testHashCodeTestForSudokuBoard" classname="pl.cp.sudoku.SudokuTest" time="0.009"/>
  <testcase name="testHashCodeTestForSudokuField" classname="pl.cp.sudoku.SudokuTest" time="0.004"/>
  <testcase name="testToStringTestForSudokuBoard" classname="pl.cp.sudoku.SudokuTest" time="0.066">
    <system-out><![CDATA[Board correct!
Board correct!
Board correct!
Board correct!
Board correct!
Board correct!
Board correct!
Board correct!
Board correct!
Board correct!
Board correct!
Board correct!
Board correct!
Board correct!
Board correct!
Board correct!
Board correct!
Board correct!
Board correct!
Board correct!
Board correct!
Board correct!
Board correct!
Board correct!
Board correct!
Board correct!
Board correct!
Board correct!
Board correct!
Board correct!
Board correct!
Board correct!
Board correct!
Board correct!
Board correct!
Board correct!
Board correct!
Board correct!
Board correct!
Board correct!
Board correct!
Board correct!
Board correct!
Board correct!
Board correct!
Board correct!
Board correct!
Board correct!
Board correct!
Board correct!
Board correct!
Board correct!
Board correct!
Board correct!
Board correct!
Board correct!
Board correct!
Board correct!
Board correct!
Board correct!
Board correct!
Board correct!
Board correct!
Board correct!
Board correct!
Board correct!
Board correct!
Board correct!
Board correct!
Board correct!
Board correct!
Board correct!
Board correct!
Board correct!
Board correct!
Board correct!
Board correct!
Board correct!
Board correct!
Board correct!
Board correct!
Board correct!
Board correct!
Board correct!
Board correct!
Board correct!
Board correct!
Board correct!
Board correct!
Board correct!
Board correct!
Board correct!
Board correct!
Board correct!
Board correct!
Board correct!
Board correct!
Board correct!
Board correct!
Board correct!
Board correct!
Board correct!
Board correct!
Board correct!
Board correct!
Board correct!
Board correct!
Board correct!
Board correct!
Board correct!
Board correct!
Board correct!
Board correct!
Board correct!
Board correct!
Board correct!
Board correct!
Board correct!
Board correct!
Board correct!
Board correct!
Board correct!
Board correct!
Board correct!
Board correct!
Board correct!
Board correct!
Board correct!
Board correct!
Board correct!
Board correct!
Board correct!
Board correct!
Board correct!
Board correct!
Board correct!
Board correct!
Board correct!
Board correct!
Board correct!
Board correct!
Board correct!
Board correct!
Board correct!
Board correct!
Board correct!
Board correct!
Board correct!
Board correct!
Board correct!
Board correct!
Board correct!
Board correct!
Board correct!
Board correct!
Board correct!
Board correct!
Board correct!
Board correct!
Board correct!
Board correct!
Board correct!
Board correct!
Board correct!
Board correct!
Board correct!
Board correct!
Board correct!
Board correct!
Board correct!
Board correct!
Board correct!
Board correct!
Board correct!
Board correct!
Board correct!
Board correct!
Board correct!
Board correct!
Board correct!
Board correct!
Board correct!
Board correct!
Board correct!
Board correct!
Board correct!
Board correct!
Board correct!
Board correct!
Board correct!
Board correct!
Board correct!
Board correct!
Board correct!
Board correct!
Board correct!
Board correct!
Board correct!
Board correct!
Board correct!
Board correct!
Board correct!
Board correct!
Board correct!
Board correct!
Board correct!
Board correct!
Board correct!
Board correct!
Board correct!
Board correct!
Board correct!
Board correct!
Board correct!
Board correct!
Board correct!
Board correct!
Board correct!
Board correct!
Board correct!
Board correct!
Board correct!
Board correct!
Board correct!
Board correct!
Board correct!
Board correct!
Board correct!
Board correct!
Board correct!
Board correct!
Board correct!
Board correct!
Board correct!
Board correct!
Board correct!
Board correct!
Board correct!
Board correct!
Board correct!
Board correct!
Board correct!
Board correct!
Board correct!
Board correct!
Board correct!
Board correct!
Board correct!
Board correct!
Board correct!
Board correct!
Board correct!
Board correct!
Board correct!
Board correct!
Board correct!
Board correct!
Board correct!
Board correct!
Board correct!
Board correct!
Board correct!
Board correct!
Board correct!
Board correct!
Board correct!
Board correct!
Board correct!
Board correct!
Board correct!
Board correct!
Board correct!
Board correct!
Board correct!
Board correct!
Board correct!
Board correct!
Board correct!
Board correct!
Board correct!
Board correct!
Board correct!
Board correct!
Board correct!
Board correct!
Board correct!
Board correct!
Board correct!
Board correct!
Board correct!
Board correct!
Board correct!
Board correct!
Board correct!
Board correct!
Board correct!
Board correct!
Board correct!
Board correct!
Board correct!
Board correct!
Board correct!
Board correct!
Board correct!
Board correct!
Board correct!
Board correct!
Board correct!
Board correct!
Board correct!
Board correct!
Board correct!
Board correct!
Board correct!
Board correct!
Board correct!
Board correct!
Board correct!
Board correct!
Board correct!
Board correct!
Board correct!
Board correct!
Board correct!
Board correct!
Board correct!
Board correct!
Board correct!
Board correct!
Board correct!
Board correct!
Board correct!
Board correct!
Board correct!
Board correct!
Board correct!
Board correct!
Board correct!
Board correct!
Board correct!
Board correct!
Board correct!
Board correct!
Board correct!
Board correct!
Board correct!
Board correct!
Board correct!
Board correct!
Board correct!
Board correct!
Board correct!
Board correct!
Board correct!
Board correct!
Board correct!
Board correct!
Board correct!
Board correct!
Board correct!
Board correct!
Board correct!
Board correct!
Board correct!
Board correct!
Board correct!
Board correct!
Board correct!
Board correct!
Board correct!
Board correct!
Board correct!
Board correct!
Board correct!
Board correct!
Board correct!
Board correct!
Board correct!
Board correct!
Board correct!
Board correct!
Board correct!
Board correct!
Board correct!
Board correct!
Board correct!
Board correct!
Board correct!
Board correct!
Board correct!
Board correct!
Board correct!
Board correct!
Board correct!
Board correct!
Board correct!
Board correct!
Board correct!
Board correct!
Board correct!
Board correct!
Board correct!
Board correct!
Board correct!
Board correct!
Board correct!
Board correct!
Board correct!
Board correct!
Board correct!
Board correct!
Board correct!
Board correct!
Board correct!
Board correct!
Board correct!
Board correct!
Board correct!
Board correct!
Board correct!
Board correct!
Board correct!
Board correct!
Board correct!
Board correct!
Board correct!
Board correct!
Board correct!
Board correct!
Board correct!
Board correct!
Board correct!
Board correct!
Board correct!
Board correct!
Board correct!
Board correct!
Board correct!
Board correct!
Board correct!
Board correct!
Board correct!
Board correct!
Board correct!
Board correct!
Board correct!
Board correct!
Board correct!
Board correct!
Board correct!
Board correct!
Board correct!
Board correct!
Board correct!
Board correct!
Board correct!
Board correct!
Board correct!
Board correct!
Board correct!
Board correct!
Board correct!
Board correct!
Board correct!
Board correct!
Board correct!
Board correct!
Board correct!
Board correct!
Board correct!
Board correct!
Board correct!
Board correct!
Board correct!
Board correct!
Board correct!
Board correct!
Board correct!
Board correct!
Board correct!
Board correct!
Board correct!
Board correct!
Board correct!
Board correct!
Board correct!
Board correct!
Board correct!
Board correct!
Board correct!
Board correct!
Board correct!
Board correct!
Board correct!
Board correct!
Board correct!
Board correct!
Board correct!
Board correct!
Board correct!
Board correct!
Board correct!
Board correct!
Board correct!
Board correct!
Board correct!
Board correct!
Board correct!
Board correct!
Board correct!
Board correct!
Board correct!
Board correct!
Board correct!
Board correct!
Board correct!
Board correct!
Board correct!
Board correct!
Board correct!
Board correct!
Board correct!
Board correct!
Board correct!
Board correct!
Board correct!
Board correct!
Board correct!
Board correct!
Board correct!
Board correct!
Board correct!
Board correct!
Board correct!
Board correct!
Board correct!
Board correct!
Board correct!
Board correct!
Board correct!
Board correct!
Board correct!
Board correct!
Board correct!
Board correct!
Board correct!
Board correct!
Board correct!
Board correct!
Board correct!
Board correct!
Board correct!
Board correct!
Board correct!
Board correct!
Board correct!
Board correct!
Board correct!
Board correct!
Board correct!
Board correct!
Board correct!
Board correct!
Board correct!
Board correct!
Board correct!
Board correct!
Board correct!
Board correct!
Board correct!
Board correct!
Board correct!
Board correct!
Board correct!
Board correct!
Board correct!
Board correct!
Board correct!
Board correct!
Board correct!
Board correct!
Board correct!
Board correct!
Board correct!
Board correct!
Board correct!
Board correct!
Board correct!
Board correct!
Board correct!
Board correct!
Board correct!
Board correct!
Board correct!
Board correct!
Board correct!
Board correct!
Board correct!
Board correct!
Board correct!
Board correct!
Board correct!
Board correct!
Board correct!
Board correct!
Board correct!
Board correct!
Board correct!
Board correct!
Board correct!
Board correct!
Board correct!
Board correct!
Board correct!
Board correct!
Board correct!
Board correct!
Board correct!
Board correct!
Board correct!
Board correct!
Board correct!
Board correct!
Board correct!
Board correct!
Board correct!
Board correct!
Board correct!
Board correct!
Board correct!
Board correct!
Board correct!
Board correct!
Board correct!
Board correct!
Board correct!
Board correct!
Board correct!
Board correct!
Board correct!
Board correct!
Board correct!
Board correct!
Board correct!
Board correct!
Board correct!
Board correct!
Board correct!
Board correct!
Board correct!
Board correct!
Board correct!
Board correct!
Board correct!
Board correct!
Board correct!
Board correct!
Board correct!
Board correct!
Board correct!
Board correct!
Board correct!
Board correct!
Board correct!
Board correct!
Board correct!
Board correct!
Board correct!
Board correct!
Board correct!
Board correct!
Board correct!
Board correct!
Board correct!
Board correct!
Board correct!
Board correct!
Board correct!
Board correct!
Board correct!
Board correct!
Board correct!
Board correct!
Board correct!
Board correct!
Board correct!
Board correct!
Board correct!
Board correct!
Board correct!
Board correct!
Board correct!
Board correct!
Board correct!
Board correct!
Board correct!
Board correct!
Board correct!
Board correct!
Board correct!
Board correct!
Board correct!
Board correct!
Board correct!
Board correct!
Board correct!
Board correct!
Board correct!
Board correct!
Board correct!
Board correct!
Board correct!
Board correct!
Board correct!
Board correct!
Board correct!
Board correct!
Board correct!
Board correct!
Board correct!
Board correct!
Board correct!
Board correct!
Board correct!
Board correct!
Board correct!
Board correct!
Board correct!
Board correct!
Board correct!
Board correct!
Board correct!
Board correct!
Board correct!
Board correct!
Board correct!
Board correct!
Board correct!
Board correct!
Board correct!
Board correct!
Board correct!
Board correct!
Board correct!
Board correct!
Board correct!
Board correct!
Board correct!
Board correct!
Board correct!
Board correct!
Board correct!
Board correct!
Board correct!
Board correct!
Board correct!
Board correct!
Board correct!
Board correct!
Board correct!
Board correct!
Board correct!
Board correct!
Board correct!
Board correct!
Board correct!
Board correct!
Board correct!
Board correct!
Board correct!
Board correct!
Board correct!
Board correct!
Board correct!
Board correct!
Board correct!
Board correct!
Board correct!
Board correct!
Board correct!
Board correct!
Board correct!
Board correct!
Board correct!
Board correct!
Board correct!
Board correct!
Board correct!
Board correct!
Board correct!
Board correct!
Board correct!
Board correct!
Board correct!
Board correct!
Board correct!
Board correct!
Board correct!
Board correct!
Board correct!
Board correct!
Board correct!
Board correct!
Board correct!
Board correct!
Board correct!
Board correct!
Board correct!
Board correct!
Board correct!
Board correct!
Board correct!
Board correct!
Board correct!
Board correct!
Board correct!
Board correct!
Board correct!
Board correct!
Board correct!
Board correct!
Board correct!
Board correct!
Board correct!
Board correct!
Board correct!
Board correct!
Board correct!
Board correct!
Board correct!
Board correct!
Board correct!
Board correct!
Board correct!
Board correct!
Board correct!
Board correct!
Board correct!
Board correct!
Board correct!
Board correct!
Board correct!
Board correct!
Board correct!
Board correct!
Board correct!
Board correct!
Board correct!
Board correct!
Board correct!
Board correct!
Board correct!
Board correct!
Board correct!
Board correct!
Board correct!
Board correct!
Board correct!
Board correct!
Board correct!
Board correct!
Board correct!
Board correct!
Board correct!
Board correct!
Board correct!
Board correct!
Board correct!
Board correct!
Board correct!
Board correct!
Board correct!
Board correct!
Board correct!
Board correct!
Board correct!
Board correct!
Board correct!
Board correct!
Board correct!
Board correct!
Board correct!
Board correct!
Board correct!
Board correct!
Board correct!
Board correct!
Board correct!
Board correct!
Board correct!
Board correct!
Board correct!
Board correct!
Board correct!
Board correct!
Board correct!
Board correct!
Board correct!
Board correct!
Board correct!
Board correct!
Board correct!
Board correct!
Board correct!
Board correct!
Board correct!
Board correct!
Board correct!
Board correct!
Board correct!
Board correct!
Board correct!
Board correct!
Board correct!
Board correct!
Board correct!
Board correct!
Board correct!
Board correct!
Board correct!
Board correct!
Board correct!
Board correct!
Board correct!
Board correct!
Board correct!
Board correct!
Board correct!
Board correct!
Board correct!
Board correct!
Board correct!
Board correct!
Board correct!
Board correct!
Board correct!
Board correct!
Board correct!
Board correct!
Board correct!
Board correct!
Board correct!
Board correct!
Board correct!
Board correct!
Board correct!
Board correct!
Board correct!
Board correct!
Board correct!
Board correct!
Board correct!
Board correct!
Board correct!
Board correct!
Board correct!
Board correct!
Board correct!
Board correct!
Board correct!
Board correct!
Board correct!
Board correct!
Board correct!
Board correct!
Board correct!
Board correct!
Board correct!
Board correct!
Board correct!
Board correct!
Board correct!
Board correct!
Board correct!
Board correct!
Board correct!
Board correct!
Board correct!
Board correct!
Board correct!
Board correct!
Board correct!
Board correct!
Board correct!
Board correct!
Board correct!
Board correct!
Board correct!
Board correct!
Board correct!
Board correct!
Board correct!
Board correct!
Board correct!
Board correct!
Board correct!
Board correct!
Board correct!
Board correct!
Board correct!
Board correct!
Board correct!
Board correct!
Board correct!
Board correct!
Board correct!
Board correct!
Board correct!
Board correct!
Board correct!
Board correct!
Board correct!
Board correct!
Board correct!
Board correct!
Board correct!
Board correct!
Board correct!
Board correct!
Board correct!
Board correct!
Board correct!
Board correct!
Board correct!
Board correct!
Board correct!
Board correct!
Board correct!
Board correct!
Board correct!
Board correct!
Board correct!
Board correct!
Board correct!
Board correct!
Board correct!
Board correct!
Board correct!
Board correct!
Board correct!
Board correct!
Board correct!
Board correct!
Board correct!
Board correct!
Board correct!
Board correct!
Board correct!
Board correct!
Board correct!
Board correct!
Board correct!
Board correct!
Board correct!
Board correct!
Board correct!
Board correct!
Board correct!
Board correct!
Board correct!
Board correct!
Board correct!
Board correct!
Board correct!
Board correct!
Board correct!
Board correct!
Board correct!
Board correct!
Board correct!
Board correct!
Board correct!
Board correct!
Board correct!
Board correct!
Board correct!
Board correct!
Board correct!
Board correct!
Board correct!
Board correct!
Board correct!
Board correct!
Board correct!
Board correct!
Board correct!
Board correct!
Board correct!
Board correct!
Board correct!
Board correct!
Board correct!
Board correct!
Board correct!
Board correct!
Board correct!
Board correct!
Board correct!
Board correct!
Board correct!
Board correct!
Board correct!
Board correct!
Board correct!
Board correct!
Board correct!
Board correct!
Board correct!
Board correct!
]]></system-out>
  </testcase>
  <testcase name="testToStringTestForSudokuField" classname="pl.cp.sudoku.SudokuTest" time="0.003"/>
  <testcase name="testNoSudokuBoardRepetitiveness" classname="pl.cp.sudoku.SudokuTest" time="0.028">
    <system-out><![CDATA[Board correct!
Board correct!
Board correct!
Board correct!
Board correct!
Board correct!
Board correct!
Board correct!
Board correct!
Board correct!
Board correct!
Board correct!
Board correct!
Board correct!
Board correct!
Board correct!
Board correct!
Board correct!
Board correct!
Board correct!
Board correct!
Board correct!
Board correct!
Board correct!
Board correct!
Board correct!
Board correct!
Board correct!
Board correct!
Board correct!
Board correct!
Board correct!
Board correct!
Board correct!
Board correct!
Board correct!
Board correct!
Board correct!
Board correct!
Board correct!
Board correct!
Board correct!
Board correct!
Board correct!
Board correct!
Board correct!
Board correct!
Board correct!
Board correct!
Board correct!
Board correct!
Board correct!
Board correct!
Board correct!
Board correct!
Board correct!
Board correct!
Board correct!
Board correct!
Board correct!
Board correct!
Board correct!
Board correct!
Board correct!
Board correct!
Board correct!
Board correct!
Board correct!
Board correct!
Board correct!
Board correct!
Board correct!
Board correct!
Board correct!
Board correct!
Board correct!
Board correct!
Board correct!
Board correct!
Board correct!
Board correct!
Board correct!
Board correct!
Board correct!
Board correct!
Board correct!
Board correct!
Board correct!
Board correct!
Board correct!
Board correct!
Board correct!
Board correct!
Board correct!
Board correct!
Board correct!
Board correct!
Board correct!
Board correct!
Board correct!
Board correct!
Board correct!
Board correct!
Board correct!
Board correct!
Board correct!
Board correct!
Board correct!
Board correct!
Board correct!
Board correct!
Board correct!
Board correct!
Board correct!
Board correct!
Board correct!
Board correct!
Board correct!
Board correct!
Board correct!
Board correct!
Board correct!
Board correct!
Board correct!
Board correct!
Board correct!
Board correct!
Board correct!
Board correct!
Board correct!
Board correct!
Board correct!
Board correct!
Board correct!
Board correct!
Board correct!
Board correct!
Board correct!
Board correct!
Board correct!
Board correct!
Board correct!
Board correct!
Board correct!
Board correct!
Board correct!
Board correct!
Board correct!
Board correct!
Board correct!
Board correct!
Board correct!
Board correct!
Board correct!
Board correct!
Board correct!
Board correct!
Board correct!
Board correct!
Board correct!
Board correct!
Board correct!
Board correct!
Board correct!
Board correct!
Board correct!
Board correct!
Board correct!
Board correct!
Board correct!
Board correct!
Board correct!
Board correct!
Board correct!
Board correct!
Board correct!
Board correct!
Board correct!
Board correct!
Board correct!
Board correct!
Board correct!
Board correct!
Board correct!
Board correct!
Board correct!
Board correct!
Board correct!
Board correct!
Board correct!
Board correct!
Board correct!
Board correct!
Board correct!
Board correct!
Board correct!
Board correct!
Board correct!
Board correct!
Board correct!
Board correct!
Board correct!
Board correct!
Board correct!
Board correct!
Board correct!
Board correct!
Board correct!
Board correct!
Board correct!
Board correct!
Board correct!
Board correct!
Board correct!
Board correct!
Board correct!
Board correct!
Board correct!
Board correct!
Board correct!
Board correct!
Board correct!
Board correct!
Board correct!
Board correct!
Board correct!
Board correct!
Board correct!
Board correct!
Board correct!
Board correct!
Board correct!
Board correct!
Board correct!
Board correct!
Board correct!
Board correct!
Board correct!
Board correct!
Board correct!
Board correct!
Board correct!
Board correct!
Board correct!
Board correct!
Board correct!
Board correct!
Board correct!
Board correct!
Board correct!
Board correct!
Board correct!
Board correct!
Board correct!
Board correct!
Board correct!
Board correct!
Board correct!
Board correct!
Board correct!
Board correct!
Board correct!
Board correct!
Board correct!
Board correct!
Board correct!
Board correct!
Board correct!
Board correct!
Board correct!
Board correct!
Board correct!
Board correct!
Board correct!
Board correct!
Board correct!
Board correct!
Board correct!
Board correct!
Board correct!
Board correct!
Board correct!
Board correct!
Board correct!
Board correct!
Board correct!
Board correct!
Board correct!
Board correct!
Board correct!
Board correct!
Board correct!
Board correct!
Board correct!
Board correct!
Board correct!
Board correct!
Board correct!
Board correct!
Board correct!
Board correct!
Board correct!
Board correct!
Board correct!
Board correct!
Board correct!
Board correct!
Board correct!
Board correct!
Board correct!
Board correct!
Board correct!
Board correct!
Board correct!
Board correct!
Board correct!
Board correct!
Board correct!
Board correct!
Board correct!
Board correct!
Board correct!
Board correct!
Board correct!
Board correct!
Board correct!
Board correct!
Board correct!
Board correct!
Board correct!
Board correct!
Board correct!
Board correct!
Board correct!
Board correct!
Board correct!
Board correct!
Board correct!
Board correct!
Board correct!
Board correct!
Board correct!
Board correct!
Board correct!
Board correct!
Board correct!
Board correct!
Board correct!
Board correct!
Board correct!
Board correct!
Board correct!
Board correct!
Board correct!
Board correct!
Board correct!
Board correct!
Board correct!
Board correct!
Board correct!
Board correct!
Board correct!
Board correct!
Board correct!
Board correct!
Board correct!
Board correct!
Board correct!
Board correct!
Board correct!
Board correct!
Board correct!
Board correct!
Board correct!
Board correct!
Board correct!
Board correct!
Board correct!
Board correct!
Board correct!
Board correct!
Board correct!
Board correct!
Board correct!
Board correct!
Board correct!
Board correct!
Board correct!
Board correct!
Board correct!
Board correct!
Board correct!
Board correct!
Board correct!
Board correct!
Board correct!
Board correct!
Board correct!
Board correct!
Board correct!
Board correct!
Board correct!
Board correct!
Board correct!
Board correct!
Board correct!
Board correct!
Board correct!
Board correct!
Board correct!
Board correct!
Board correct!
Board correct!
Board correct!
Board correct!
Board correct!
Board correct!
Board correct!
Board correct!
Board correct!
Board correct!
Board correct!
Board correct!
Board correct!
Board correct!
Board correct!
Board correct!
Board correct!
Board correct!
Board correct!
Board correct!
Board correct!
Board correct!
Board correct!
Board correct!
Board correct!
Board correct!
Board correct!
Board correct!
Board correct!
Board correct!
Board correct!
Board correct!
Board correct!
Board correct!
Board correct!
Board correct!
Board correct!
Board correct!
Board correct!
Board correct!
Board correct!
Board correct!
Board correct!
Board correct!
Board correct!
Board correct!
Board correct!
Board correct!
Board correct!
Board correct!
Board correct!
Board correct!
Board correct!
Board correct!
Board correct!
Board correct!
Board correct!
Board correct!
Board correct!
Board correct!
Board correct!
Board correct!
Board correct!
Board correct!
Board correct!
Board correct!
Board correct!
Board correct!
Board correct!
Board correct!
Board correct!
Board correct!
Board correct!
Board correct!
Board correct!
Board correct!
Board correct!
Board correct!
Board correct!
Board correct!
Board correct!
Board correct!
Board correct!
Board correct!
Board correct!
Board correct!
Board correct!
Board correct!
Board correct!
Board correct!
Board correct!
Board correct!
Board correct!
Board correct!
Board correct!
Board correct!
Board correct!
Board correct!
Board correct!
Board correct!
Board correct!
Board correct!
Board correct!
Board correct!
Board correct!
Board correct!
Board correct!
Board correct!
Board correct!
Board correct!
Board correct!
Board correct!
Board correct!
Board correct!
Board correct!
Board correct!
Board correct!
Board correct!
Board correct!
Board correct!
Board correct!
Board correct!
Board correct!
Board correct!
Board correct!
Board correct!
Board correct!
Board correct!
Board correct!
Board correct!
Board correct!
Board correct!
Board correct!
Board correct!
Board correct!
Board correct!
Board correct!
Board correct!
Board correct!
Board correct!
Board correct!
Board correct!
Board correct!
Board correct!
Board correct!
Board correct!
Board correct!
Board correct!
Board correct!
Board correct!
Board correct!
Board correct!
Board correct!
Board correct!
Board correct!
Board correct!
Board correct!
Board correct!
Board correct!
Board correct!
Board correct!
Board correct!
Board correct!
Board correct!
Board correct!
Board correct!
Board correct!
Board correct!
Board correct!
Board correct!
Board correct!
Board correct!
Board correct!
Board correct!
Board correct!
Board correct!
Board correct!
Board correct!
Board correct!
Board correct!
Board correct!
Board correct!
Board correct!
Board correct!
Board correct!
Board correct!
Board correct!
Board correct!
Board correct!
Board correct!
Board correct!
Board correct!
Board correct!
Board correct!
Board correct!
Board correct!
Board correct!
Board correct!
Board correct!
Board correct!
Board correct!
Board correct!
Board correct!
Board correct!
Board correct!
Board correct!
Board correct!
Board correct!
Board correct!
Board correct!
Board correct!
Board correct!
Board correct!
Board correct!
Board correct!
Board correct!
Board correct!
Board correct!
Board correct!
Board correct!
Board correct!
Board correct!
Board correct!
Board correct!
Board correct!
Board correct!
Board correct!
Board correct!
Board correct!
Board correct!
Board correct!
Board correct!
Board correct!
Board correct!
Board correct!
Board correct!
Board correct!
Board correct!
Board correct!
Board correct!
Board correct!
Board correct!
Board correct!
Board correct!
Board correct!
Board correct!
Board correct!
Board correct!
Board correct!
Board correct!
Board correct!
Board correct!
Board correct!
Board correct!
Board correct!
Board correct!
Board correct!
Board correct!
Board correct!
Board correct!
Board correct!
Board correct!
Board correct!
Board correct!
Board correct!
Board correct!
Board correct!
Board correct!
Board correct!
Board correct!
Board correct!
Board correct!
Board correct!
Board correct!
Board correct!
Board correct!
Board correct!
Board correct!
Board correct!
Board correct!
Board correct!
Board correct!
Board correct!
Board correct!
Board correct!
Board correct!
Board correct!
Board correct!
Board correct!
Board correct!
Board correct!
Board correct!
Board correct!
Board correct!
Board correct!
Board correct!
Board correct!
Board correct!
Board correct!
Board correct!
Board correct!
Board correct!
Board correct!
Board correct!
Board correct!
Board correct!
Board correct!
Board correct!
Board correct!
Board correct!
Board correct!
Board correct!
Board correct!
Board correct!
Board correct!
Board correct!
Board correct!
Board correct!
Board correct!
Board correct!
Board correct!
Board correct!
Board correct!
Board correct!
Board correct!
Board correct!
Board correct!
Board correct!
Board correct!
Board correct!
Board correct!
Board correct!
Board correct!
Board correct!
Board correct!
Board correct!
Board correct!
Board correct!
Board correct!
Board correct!
Board correct!
Board correct!
Board correct!
Board correct!
Board correct!
Board correct!
Board correct!
Board correct!
Board correct!
Board correct!
Board correct!
Board correct!
Board correct!
Board correct!
Board correct!
Board correct!
Board correct!
Board correct!
Board correct!
Board correct!
Board correct!
Board correct!
Board correct!
Board correct!
Board correct!
Board correct!
Board correct!
Board correct!
Board correct!
Board correct!
Board correct!
Board correct!
Board correct!
Board correct!
Board correct!
Board correct!
Board correct!
Board correct!
Board correct!
Board correct!
Board correct!
Board correct!
Board correct!
Board correct!
Board correct!
Board correct!
Board correct!
Board correct!
Board correct!
Board correct!
Board correct!
Board correct!
Board correct!
Board correct!
Board correct!
Board correct!
Board correct!
Board correct!
Board correct!
Board correct!
Board correct!
Board correct!
Board correct!
Board correct!
Board correct!
Board correct!
Board correct!
Board correct!
Board correct!
Board correct!
Board correct!
Board correct!
Board correct!
Board correct!
Board correct!
Board correct!
Board correct!
Board correct!
Board correct!
Board correct!
Board correct!
Board correct!
Board correct!
Board correct!
Board correct!
Board correct!
Board correct!
Board correct!
Board correct!
Board correct!
Board correct!
Board correct!
Board correct!
Board correct!
Board correct!
Board correct!
Board correct!
Board correct!
Board correct!
Board correct!
Board correct!
Board correct!
Board correct!
Board correct!
Board correct!
Board correct!
Board correct!
Board correct!
Board correct!
Board correct!
Board correct!
Board correct!
Board correct!
Board correct!
Board correct!
Board correct!
Board correct!
Board correct!
Board correct!
Board correct!
Board correct!
Board correct!
Board correct!
Board correct!
Board correct!
Board correct!
Board correct!
Board correct!
Board correct!
Board correct!
Board correct!
Board correct!
Board correct!
Board correct!
Board correct!
Board correct!
Board correct!
Board correct!
Board correct!
Board correct!
Board correct!
Board correct!
Board correct!
Board correct!
Board correct!
Board correct!
Board correct!
Board correct!
Board correct!
Board correct!
Board correct!
Board correct!
Board correct!
Board correct!
Board correct!
Board correct!
Board correct!
Board correct!
Board correct!
Board correct!
Board correct!
Board correct!
Board correct!
Board correct!
Board correct!
Board correct!
Board correct!
Board correct!
Board correct!
Board correct!
Board correct!
Board correct!
Board correct!
Board correct!
Board correct!
Board correct!
Board correct!
Board correct!
Board correct!
Board correct!
Board correct!
Board correct!
Board correct!
Board correct!
Board correct!
Board correct!
Board correct!
Board correct!
Board correct!
Board correct!
Board correct!
Board correct!
Board correct!
Board correct!
Board correct!
Board correct!
Board correct!
Board correct!
Board correct!
Board correct!
Board correct!
Board correct!
Board correct!
Board correct!
Board correct!
Board correct!
Board correct!
Board correct!
Board correct!
Board correct!
Board correct!
Board correct!
Board correct!
Board correct!
Board correct!
Board correct!
Board correct!
Board correct!
Board correct!
Board correct!
Board correct!
Board correct!
Board correct!
Board correct!
Board correct!
Board correct!
Board correct!
Board correct!
Board correct!
Board correct!
Board correct!
Board correct!
Board correct!
Board correct!
Board correct!
Board correct!
Board correct!
Board correct!
Board correct!
Board correct!
Board correct!
Board correct!
Board correct!
Board correct!
Board correct!
Board correct!
Board correct!
Board correct!
Board correct!
Board correct!
Board correct!
Board correct!
Board correct!
Board correct!
Board correct!
Board correct!
Board correct!
Board correct!
Board correct!
Board correct!
Board correct!
Board correct!
Board correct!
Board correct!
Board correct!
Board correct!
Board correct!
Board correct!
Board correct!
Board correct!
Board correct!
Board correct!
Board correct!
Board correct!
Board correct!
Board correct!
Board correct!
Board correct!
Board correct!
Board correct!
Board correct!
Board correct!
Board correct!
Board correct!
Board correct!
Board correct!
Board correct!
Board correct!
Board correct!
Board correct!
Board correct!
Board correct!
Board correct!
Board correct!
Board correct!
Board correct!
Board correct!
Board correct!
Board correct!
Board correct!
Board correct!
Board correct!
Board correct!
Board correct!
Board correct!
Board correct!
Board correct!
Board correct!
Board correct!
Board correct!
Board correct!
Board correct!
Board correct!
Board correct!
Board correct!
Board correct!
Board correct!
Board correct!
Board correct!
Board correct!
Board correct!
Board correct!
Board correct!
Board correct!
Board correct!
Board correct!
Board correct!
Board correct!
Board correct!
Board correct!
Board correct!
Board correct!
Board correct!
Board correct!
Board correct!
Board correct!
Board correct!
Board correct!
Board correct!
Board correct!
Board correct!
Board correct!
Board correct!
Board correct!
Board correct!
Board correct!
Board correct!
Board correct!
Board correct!
Board correct!
Board correct!
Board correct!
Board correct!
Board correct!
Board correct!
Board correct!
Board correct!
Board correct!
Board correct!
Board correct!
Board correct!
Board correct!
Board correct!
Board correct!
Board correct!
Board correct!
Board correct!
Board correct!
Board correct!
Board correct!
Board correct!
Board correct!
Board correct!
Board correct!
Board correct!
Board correct!
Board correct!
Board correct!
Board correct!
Board correct!
Board correct!
Board correct!
Board correct!
Board correct!
Board correct!
Board correct!
Board correct!
Board correct!
Board correct!
Board correct!
Board correct!
Board correct!
Board correct!
Board correct!
Board correct!
Board correct!
Board correct!
Board correct!
Board correct!
Board correct!
Board correct!
Board correct!
Board correct!
Board correct!
Board correct!
Board correct!
Board correct!
Board correct!
Board correct!
Board correct!
Board correct!
Board correct!
Board correct!
Board correct!
Board correct!
Board correct!
Board correct!
Board correct!
Board correct!
Board correct!
Board correct!
Board correct!
Board correct!
Board correct!
Board correct!
Board correct!
Board correct!
Board correct!
Board correct!
Board correct!
Board correct!
Board correct!
Board correct!
Board correct!
Board correct!
Board correct!
Board correct!
Board correct!
Board correct!
Board correct!
Board correct!
Board correct!
Board correct!
Board correct!
Board correct!
Board correct!
Board correct!
Board correct!
Board correct!
Board correct!
Board correct!
Board correct!
Board correct!
Board correct!
Board correct!
Board correct!
Board correct!
Board correct!
Board correct!
Board correct!
Board correct!
Board correct!
Board correct!
Board correct!
Board correct!
Board correct!
Board correct!
Board correct!
Board correct!
Board correct!
Board correct!
Board correct!
Board correct!
Board correct!
Board correct!
Board correct!
Board correct!
Board correct!
Board correct!
Board correct!
Board correct!
Board correct!
Board correct!
Board correct!
Board correct!
Board correct!
Board correct!
Board correct!
Board correct!
Board correct!
Board correct!
Board correct!
Board correct!
Board correct!
Board correct!
Board correct!
Board correct!
Board correct!
Board correct!
Board correct!
Board correct!
Board correct!
Board correct!
Board correct!
Board correct!
Board correct!
Board correct!
Board correct!
Board correct!
Board correct!
Board correct!
Board correct!
Board correct!
Board correct!
Board correct!
Board correct!
Board correct!
Board correct!
Board correct!
Board correct!
Board correct!
Board correct!
Board correct!
Board correct!
Board correct!
Board correct!
Board correct!
Board correct!
Board correct!
Board correct!
Board correct!
Board correct!
Board correct!
Board correct!
Board correct!
Board correct!
Board correct!
Board correct!
Board correct!
Board correct!
Board correct!
Board correct!
Board correct!
Board correct!
Board correct!
Board correct!
Board correct!
Board correct!
Board correct!
Board correct!
Board correct!
Board correct!
Board correct!
Board correct!
Board correct!
Board correct!
Board correct!
Board correct!
Board correct!
Board correct!
Board correct!
Board correct!
Board correct!
Board correct!
Board correct!
Board correct!
Board correct!
Board correct!
Board correct!
Board correct!
Board correct!
Board correct!
Board correct!
Board correct!
Board correct!
Board correct!
Board correct!
Board correct!
Board correct!
Board correct!
Board correct!
Board correct!
Board correct!
Board correct!
Board correct!
Board correct!
Board correct!
Board correct!
Board correct!
Board correct!
Board correct!
Board correct!
Board correct!
Board correct!
Board correct!
Board correct!
Board correct!
Board correct!
Board correct!
Board correct!
Board correct!
Board correct!
Board correct!
Board correct!
Board correct!
Board correct!
Board correct!
Board correct!
Board correct!
Board correct!
Board correct!
Board correct!
Board correct!
Board correct!
Board correct!
Board correct!
Board correct!
Board correct!
Board correct!
Board correct!
Board correct!
Board correct!
Board correct!
Board correct!
Board correct!
Board correct!
Board correct!
Board correct!
Board correct!
Board correct!
Board correct!
Board correct!
Board correct!
Board correct!
Board correct!
Board correct!
Board correct!
Board correct!
Board correct!
Board correct!
Board correct!
Board correct!
Board correct!
Board correct!
Board correct!
Board correct!
Board correct!
Board correct!
Board correct!
Board correct!
Board correct!
Board correct!
Board correct!
Board correct!
Board correct!
Board correct!
Board correct!
Board correct!
Board correct!
Board correct!
Board correct!
Board correct!
Board correct!
Board correct!
Board correct!
Board correct!
Board correct!
Board correct!
Board correct!
Board correct!
Board correct!
Board correct!
Board correct!
Board correct!
Board correct!
Board correct!
Board correct!
Board correct!
Board correct!
Board correct!
Board correct!
Board correct!
Board correct!
Board correct!
Board correct!
Board correct!
Board correct!
Board correct!
Board correct!
Board correct!
Board correct!
Board correct!
Board correct!
Board correct!
Board correct!
Board correct!
Board correct!
Board correct!
Board correct!
Board correct!
Board correct!
Board correct!
Board correct!
Board correct!
Board correct!
Board correct!
Board correct!
Board correct!
Board correct!
Board correct!
Board correct!
Board correct!
Board correct!
Board correct!
Board correct!
Board correct!
Board correct!
Board correct!
Board correct!
Board correct!
Board correct!
Board correct!
Board correct!
Board correct!
Board correct!
Board correct!
Board correct!
Board correct!
Board correct!
Board correct!
Board correct!
Board correct!
Board correct!
Board correct!
Board correct!
Board correct!
Board correct!
Board correct!
Board correct!
Board correct!
Board correct!
Board correct!
Board correct!
Board correct!
Board correct!
]]></system-out>
  </testcase>
  <testcase name="testEqualsTestForSudokuBoard" classname="pl.cp.sudoku.SudokuTest" time="0.011">
    <system-out><![CDATA[Works but values are nulls
]]></system-out>
  </testcase>
  <testcase name="testEqualsTestForSudokuField" classname="pl.cp.sudoku.SudokuTest" time="0.004"/>
</testsuite>